[INFO] Scanning for projects...
[INFO] --- maven-compiler-plugin:3.13.0:compile (default-compile) ---
[INFO] Compiling 10 source files with javac [debug target 25] to target/classes
[ERROR] /home/user/my-project/src/main/java/com/example/MyService.java:[42,15] cannot find symbol
[ERROR] /home/user/my-project/src/main/java/com/example/MyService.java:[55,10] incompatible types: String cannot be converted to int
[ERROR] /home/user/my-project/src/main/java/com/example/OtherClass.java:[10,20] method doStuff() is not defined
[ERROR] COMPILATION FAILURE
[ERROR] -> [Help 1]
